Base path: D:/2017.4.13f1/Editor/Data
Cmd: initializeCompiler
Cmd: compileComputeKernel
  api=15 insize=2132 outsize=769 ok=1
Cmd: compileComputeKernel
  api=15 insize=1224 outsize=1749 ok=1
Cmd: compileComputeKernel
  api=15 insize=2861 outsize=83309 ok=1
Cmd: compileComputeKernel
  api=4 insize=11174 outsize=9693 ok=1
Cmd: compileComputeKernel
  api=15 insize=11174 outsize=18125 ok=1
Cmd: compileComputeKernel
  api=15 insize=11174 outsize=21833 ok=1
Cmd: compileComputeKernel
  api=4 insize=5022 outsize=9129 ok=1
Cmd: compileComputeKernel
  api=4 insize=3530 outsize=2681 ok=1
Cmd: compileComputeKernel
  api=4 insize=18729 outsize=8781 ok=1
Cmd: compileComputeKernel
  api=4 insize=18729 outsize=10377 ok=1
Cmd: compileComputeKernel
  api=15 insize=18729 outsize=15921 ok=1
Cmd: compileComputeKernel
  api=15 insize=18729 outsize=16729 ok=1
Cmd: compileComputeKernel
  api=15 insize=18729 outsize=24693 ok=1
Cmd: compileComputeKernel
  api=15 insize=5589 outsize=13221 ok=1
Cmd: compileComputeKernel
  api=15 insize=2951 outsize=3181 ok=1
Cmd: compileComputeKernel
  api=15 insize=1862 outsize=1797 ok=1
Cmd: compileComputeKernel
  api=15 insize=1503 outsize=1645 ok=1
Cmd: compileComputeKernel
  api=15 insize=2118 outsize=1821 ok=1
Unhandled exception: Protocol error - failed to read correct magic number

Quitting shader compiler process
