Base path: D:/2017.4.13f1/Editor/Data
Cmd: initializeCompiler
Cmd: compileComputeKernel
  api=4 insize=2132 outsize=1517 ok=1
Cmd: compileComputeKernel
  api=15 insize=1224 outsize=1821 ok=1
Cmd: compileComputeKernel
  api=15 insize=2861 outsize=82829 ok=1
Cmd: compileComputeKernel
  api=4 insize=11174 outsize=10593 ok=1
Cmd: compileComputeKernel
  api=15 insize=11174 outsize=21553 ok=1
Cmd: compileComputeKernel
  api=4 insize=5022 outsize=3733 ok=1
Cmd: compileComputeKernel
  api=15 insize=5022 outsize=7421 ok=1
Cmd: compileComputeKernel
  api=15 insize=5022 outsize=10401 ok=1
Cmd: compileComputeKernel
  api=4 insize=3530 outsize=2581 ok=1
Cmd: compileComputeKernel
  api=15 insize=3530 outsize=5773 ok=1
Cmd: compileComputeKernel
  api=4 insize=18729 outsize=8545 ok=1
Cmd: compileComputeKernel
  api=4 insize=18729 outsize=8925 ok=1
Cmd: compileComputeKernel
  api=4 insize=18729 outsize=10769 ok=1
Cmd: compileComputeKernel
  api=15 insize=18729 outsize=16409 ok=1
Cmd: compileComputeKernel
  api=15 insize=18729 outsize=23873 ok=1
Cmd: compileComputeKernel
  api=4 insize=2951 outsize=353 ok=1
Cmd: compileComputeKernel
  api=15 insize=2951 outsize=773 ok=1
Cmd: compileComputeKernel
  api=15 insize=1862 outsize=3605 ok=1
Cmd: compileComputeKernel
  api=4 insize=1503 outsize=597 ok=1
Cmd: compileComputeKernel
  api=15 insize=2118 outsize=1821 ok=1
Unhandled exception: Protocol error - failed to read correct magic number

Quitting shader compiler process
