Base path: D:/2017.4.13f1/Editor/Data
Cmd: initializeCompiler
Cmd: compileComputeKernel
  api=15 insize=2132 outsize=3881 ok=1
Cmd: compileComputeKernel
  api=4 insize=1224 outsize=821 ok=1
Cmd: compileComputeKernel
  api=4 insize=2861 outsize=48145 ok=1
Cmd: compileComputeKernel
  api=4 insize=11174 outsize=9849 ok=1
Cmd: compileComputeKernel
  api=15 insize=11174 outsize=17849 ok=1
Cmd: compileComputeKernel
  api=4 insize=5022 outsize=5397 ok=1
Cmd: compileComputeKernel
  api=15 insize=5022 outsize=8173 ok=1
Cmd: compileComputeKernel
  api=15 insize=3530 outsize=4925 ok=1
Cmd: compileComputeKernel
  api=4 insize=18729 outsize=8681 ok=1
Cmd: compileComputeKernel
  api=4 insize=18729 outsize=10469 ok=1
Cmd: compileComputeKernel
  api=15 insize=18729 outsize=16073 ok=1
Cmd: compileComputeKernel
  api=15 insize=18729 outsize=15929 ok=1
Cmd: compileComputeKernel
  api=15 insize=18729 outsize=24245 ok=1
Cmd: compileComputeKernel
  api=4 insize=2951 outsize=1329 ok=1
Cmd: compileComputeKernel
  api=4 insize=1862 outsize=1389 ok=1
Cmd: compileComputeKernel
  api=15 insize=1503 outsize=3489 ok=1
Cmd: compileComputeKernel
  api=4 insize=2118 outsize=1033 ok=1
Unhandled exception: Protocol error - failed to read correct magic number

Quitting shader compiler process
